<?xml version="1.0" encoding="UTF-8"?>
<testsuite xmlns:xsi="http://www.w3.org/2001/XMLSchema-instance" xsi:noNamespaceSchemaLocation="https://maven.apache.org/surefire/maven-surefire-plugin/xsd/surefire-test-report-3.0.xsd" version="3.0" name="com.itheima.TliasWebManagementApplicationTests" time="0.211" tests="1" errors="0" skipped="0" failures="0">
  <properties>
[...]
</properties>
  <testcase name="testGenJwt" classname="com.itheima.TliasWebManagementApplicationTests" time="0.197">
    <system-out><![CDATA[eyJhbGciOiJIUzI1NiJ9.eyJuYW1lIjoidG9tIiwiaWQiOjEsImV4cCI6MTcyMDE3MTU4MX0.my_Ydum2lxY1MBO2BhYJIqvCb6jK1_nDvN6U8KIE8xw
]]></system-out>
  </testcase>
</testsuite>